<?xml version="1.0" encoding="UTF-8"?>
<testsuite xmlns:xsi="http://www.w3.org/2001/XMLSchema-instance" xsi:noNamespaceSchemaLocation="https://maven.apache.org/surefire/maven-surefire-plugin/xsd/surefire-test-report-3.0.xsd" version="3.0" name="TestRunner" time="16.631" tests="1" errors="0" skipped="0" failures="0">
  <properties>
[...]
</properties>
  <testcase name="[2:12] Get specific airline details base on id" classname="Apis/airlines/Airlines_Get" time="6.858">
    <system-out><![CDATA[11:35:52.134 [main] DEBUG com.intuit.karate.Suite - [config] classpath:karate-config.js
11:35:56.809 [main] INFO  com.intuit.karate - karate.env system property was: null 
11:35:56.827 [main] INFO  com.intuit.karate - >> lock acquired, begin callSingle: classpath:Authentication/Authentication.feature
11:35:58.000 [main] DEBUG com.intuit.karate - request:
1 > POST https://dev-457931.okta.com/oauth2/aushd4c95QtFHsfWt4x6/v1/token
1 > Content-Type: application/x-www-form-urlencoded; charset=utf-8
1 > Content-Length: 120
1 > Host: dev-457931.okta.com
1 > Connection: Keep-Alive
1 > User-Agent: Apache-HttpClient/4.5.14 (Java/21.0.3)
1 > Accept-Encoding: gzip,deflate
scope=offline_access&grant_type=password&username=api-user1%40iwt.net&password=b3z0nV0cLO&client_id=0oahdhjkutaGcIK2M4x6

11:35:59.773 [main] DEBUG com.intuit.karate - response time in milliseconds: 1742
1 < 200
1 < Date: Wed, 18 Dec 2024 06:05:59 GMT
1 < Content-Type: application/json
1 < Transfer-Encoding: chunked
1 < Connection: keep-alive
1 < Server: nginx
1 < x-okta-request-id: 876fd0db735e5c95747e6147e8756521
1 < x-xss-protection: 0
1 < p3p: CP="HONK"
1 < set-cookie: sid="";Version=1;Path=/;Max-Age=0
1 < set-cookie: xids="";Version=1;Path=/;Max-Age=0
1 < set-cookie: autolaunch_triggered=""; Expires=Thu, 01 Jan 1970 00:00:10 GMT; Path=/
1 < set-cookie: activate_ca_modal_triggered=""; Expires=Thu, 01 Jan 1970 00:00:10 GMT; Path=/
1 < set-cookie: JSESSIONID=C1B1B22845D84E53C776711512558D9E; Path=/; Secure; HttpOnly
1 < content-security-policy: default-src 'self' dev-457931.okta.com *.oktacdn.com; connect-src 'self' dev-457931.okta.com dev-457931-admin.okta.com *.oktacdn.com *.mixpanel.com *.mapbox.com *.mtls.okta.com https://oinmanager.okta.com data: *.ingest.sentry.io data.pendo.io pendo-static-5634101834153984.storage.googleapis.com pendo-static-5391521872216064.storage.googleapis.com; script-src 'unsafe-inline' 'unsafe-eval' 'self' 'report-sample' dev-457931.okta.com *.oktacdn.com; style-src 'unsafe-inline' 'self' dev-457931.okta.com *.oktacdn.com; frame-src 'self' dev-457931.okta.com dev-457931-admin.okta.com login.okta.com *.vidyard.com; img-src 'self' dev-457931.okta.com *.oktacdn.com *.tiles.mapbox.com *.mapbox.com *.vidyard.com data: data.pendo.io pendo-static-5634101834153984.storage.googleapis.com pendo-static-5391521872216064.storage.googleapis.com blob:; font-src 'self' dev-457931.okta.com data: *.oktacdn.com fonts.gstatic.com; frame-ancestors 'self'
1 < x-rate-limit-limit: 2000
1 < x-rate-limit-remaining: 1997
1 < x-rate-limit-reset: 1734501993
1 < cache-control: no-cache, no-store
1 < pragma: no-cache
1 < expires: 0
1 < referrer-policy: strict-origin-when-cross-origin
1 < accept-ch: Sec-CH-UA-Platform-Version
1 < x-content-type-options: nosniff
1 < Strict-Transport-Security: max-age=315360000; includeSubDomains
1 < X-Robots-Tag: noindex,nofollow
1 < Set-Cookie: sid="";Version=1;Path=/;Max-Age=0
1 < Set-Cookie: xids="";Version=1;Path=/;Max-Age=0
1 < Set-Cookie: autolaunch_triggered=""; Expires=Thu, 01 Jan 1970 00:00:10 GMT; Path=/
1 < Set-Cookie: activate_ca_modal_triggered=""; Expires=Thu, 01 Jan 1970 00:00:10 GMT; Path=/
1 < Set-Cookie: JSESSIONID=C1B1B22845D84E53C776711512558D9E; Path=/; Secure; HttpOnly
{"token_type":"Bearer","expires_in":300,"access_token":"eyJraWQiOiI3MlFoSHkwd3FTRU5CcURYemF1cnlUWS0wWjl6Y2d4U0VsV0kyZkdUVktZIiwiYWxnIjoiUlMyNTYifQ.eyJ2ZXIiOjEsImp0aSI6IkFULnpSOTBEcGFWTzNMb2hrYXZYbnMxeE1laEd4cEZiOV9CWjY1M0FZSUZwQk0ub2FyMm42c2dnaTdJZXdpdG40eDciLCJpc3MiOiJodHRwczovL2Rldi00NTc5MzEub2t0YS5jb20vb2F1dGgyL2F1c2hkNGM5NVF0RkhzZld0NHg2IiwiYXVkIjoiYXBpIiwiaWF0IjoxNzM0NTAxOTU5LCJleHAiOjE3MzQ1MDIyNTksImNpZCI6IjBvYWhkaGprdXRhR2NJSzJNNHg2IiwidWlkIjoiMDB1aGVuenp6V25YZEtjY0U0eDYiLCJzY3AiOlsib2ZmbGluZV9hY2Nlc3MiXSwiYXV0aF90aW1lIjoxNzM0NTAxOTU5LCJzdWIiOiJhcGktdXNlcjFAaXd0Lm5ldCJ9.EOVgh2uSuqFYzVPl8SafmXOPiYaH3POcVCS7QuXr-Xf1KZSTFz8OVDI58zqbR8qYqaiws3CbxtJTScz2XsncLigMVXh14GiacZiyv63PxflAjko01FEdMvzPfdRcSn5ODTnWdc0BXeBeFNA93Fyk_mNEuTv_GwmGQ2IEm8FkWRY96OR1SccWIjXjPtnEwyTG8iQQVFGYzvZ6ATaF4bTaKiM_jN_w6Hna2JxqJy1YzQRPjed2vXqmYg9AkSAoLMBEFNGaXhENSgCx6GeKk1de4QWmSfNp3afcoixzoHyt7Ircxdk6UdYS5jm_kr0GtShVXLpcIhnI2ju-M_duc3UPEA","scope":"offline_access","refresh_token":"3rZV4LGRKv-c56wnVD7j8R-mje5HM11lZNO9s079yng"}

11:35:59.794 [main] INFO  com.intuit.karate - << lock released, cached callSingle: classpath:Authentication/Authentication.feature
11:35:59.824 [main] DEBUG com.intuit.karate - request:
1 > GET https://api.instantwebtools.net/v2/airlines/73dd5420-3bf9-48f3-a0b6-17cf7aa61b19
1 > Authorization: Bearer eyJraWQiOiI3MlFoSHkwd3FTRU5CcURYemF1cnlUWS0wWjl6Y2d4U0VsV0kyZkdUVktZIiwiYWxnIjoiUlMyNTYifQ.eyJ2ZXIiOjEsImp0aSI6IkFULnpSOTBEcGFWTzNMb2hrYXZYbnMxeE1laEd4cEZiOV9CWjY1M0FZSUZwQk0ub2FyMm42c2dnaTdJZXdpdG40eDciLCJpc3MiOiJodHRwczovL2Rldi00NTc5MzEub2t0YS5jb20vb2F1dGgyL2F1c2hkNGM5NVF0RkhzZld0NHg2IiwiYXVkIjoiYXBpIiwiaWF0IjoxNzM0NTAxOTU5LCJleHAiOjE3MzQ1MDIyNTksImNpZCI6IjBvYWhkaGprdXRhR2NJSzJNNHg2IiwidWlkIjoiMDB1aGVuenp6V25YZEtjY0U0eDYiLCJzY3AiOlsib2ZmbGluZV9hY2Nlc3MiXSwiYXV0aF90aW1lIjoxNzM0NTAxOTU5LCJzdWIiOiJhcGktdXNlcjFAaXd0Lm5ldCJ9.EOVgh2uSuqFYzVPl8SafmXOPiYaH3POcVCS7QuXr-Xf1KZSTFz8OVDI58zqbR8qYqaiws3CbxtJTScz2XsncLigMVXh14GiacZiyv63PxflAjko01FEdMvzPfdRcSn5ODTnWdc0BXeBeFNA93Fyk_mNEuTv_GwmGQ2IEm8FkWRY96OR1SccWIjXjPtnEwyTG8iQQVFGYzvZ6ATaF4bTaKiM_jN_w6Hna2JxqJy1YzQRPjed2vXqmYg9AkSAoLMBEFNGaXhENSgCx6GeKk1de4QWmSfNp3afcoixzoHyt7Ircxdk6UdYS5jm_kr0GtShVXLpcIhnI2ju-M_duc3UPEA
1 > Host: api.instantwebtools.net
1 > Connection: Keep-Alive
1 > User-Agent: Apache-HttpClient/4.5.14 (Java/21.0.3)
1 > Accept-Encoding: gzip,deflate


11:36:00.602 [main] DEBUG com.intuit.karate - response time in milliseconds: 776
1 < 200
1 < Server: nginx/1.24.0 (Ubuntu)
1 < Date: Wed, 18 Dec 2024 06:06:00 GMT
1 < Content-Type: application/json; charset=utf-8
1 < Content-Length: 270
1 < Connection: keep-alive
1 < X-Powered-By: Express
1 < Access-Control-Allow-Origin: *
1 < ETag: W/"10e-OfaMUw/70UVGjfKAext3kTU3Ds8"
{"_id":"73dd5420-3bf9-48f3-a0b6-17cf7aa61b19","name":"American Airlines","country":"United States","logo":"https://example.com/logos/american_airlines.png","slogan":"Going for great","head_quaters":"Fort Worth, Texas","website":"https://www.aa.com","established":"1930"}

---------------------------------------------------------
feature: classpath:Apis/airlines/Airlines_Get.feature
scenarios:  1 | passed:  1 | failed:  0 | time: 0.8849
---------------------------------------------------------

]]></system-out>
  </testcase>
</testsuite>