<?xml version="1.0" encoding="UTF-8"?>
<testsuite xmlns:xsi="http://www.w3.org/2001/XMLSchema-instance" xsi:noNamespaceSchemaLocation="https://maven.apache.org/surefire/maven-surefire-plugin/xsd/surefire-test-report-3.0.xsd" version="3.0" name="TestRunner" time="6.89" tests="1" errors="0" skipped="0" failures="1">
  <properties>
[...]
</properties>
  <testcase name="[2:12] Get specific airline details base on id" classname="Apis/airlines/Airlines_Get" time="3.21">
    <failure message="&gt;&gt; classpath:Apis/airlines/Airlines_Get.feature:12&#10;&gt;&gt; karate-config.js failed&#10;&gt;&gt; status code was: 400, expected: 200, response time in milliseconds: 1244, url: https://dev-457931.okta.com/oauth2/aushd4c95QtFHsfWt4x6/v1/token, response: &#10;{&quot;error&quot;:&quot;invalid_grant&quot;,&quot;error_description&quot;:&quot;The credentials provided were invalid.&quot;}&#10;classpath:Authentication/Authentication.feature:13&#10;js failed:&#10;&gt;&gt;&gt;&gt;&#10;01: function fn() {&#10;02: 	var env = karate.env; // get system property &apos;karate.env&apos;&#10;03: 	karate.log(&apos;karate.env system property was:&apos;, env);&#10;04: 	if (!env) {&#10;05: 		env = &apos;dev&apos;;&#10;06: 	}&#10;07: 	var config = {&#10;08: 		env: env,&#10;09: 		&#10;10: 		AUTHURI: &apos;https://dev-457931.okta.com/oauth2/aushd4c95QtFHsfWt4x6/v1/token&apos;,&#10;11: 		nonSecureBaseURL: &apos;https://api.instantwebtools.net/v1&apos;,&#10;12: 		secureBaseURL: &apos;https://api.instantwebtools.net/v2&apos;,&#10;13: 		SCOPE: &apos;offline_access&apos;,&#10;14: 		GRANT_TYPE: &apos;password&apos;,&#10;15: 		USER_NAME: &apos;api-user4@iwt.net&apos;,&#10;16: 		PASSWORD: &apos;b3z0nV0cLO&apos;,&#10;17: 		CLIENT_ID: &apos;0oahdhjkutaGcIK2M4x6&apos;,&#10;18: 	}&#10;19: &#10;20: 	var result = karate.callSingle(&apos;classpath:Authentication/Authentication.feature&apos;,config);&#10;21: 	&#10;22: 	&#10;23: 	config.authInfo = { &#10;24: 		authTime: result.time, authToken: result.access_token &#10;25: 	};   &#10;26: 	  &#10;27: 	console.log(config.authInfo.authToken);&#10;28: 	karate.log(config.authInfo.authToken);&#10;29: 	if (env == &apos;dev&apos;) {&#10;30: 	} else if (env == &apos;production&apos;) {&#10;31: 		&#10;32: 	}&#10;33: 	return config;&#10;34: }&#10;&lt;&lt;&lt;&lt;&#10;org.graalvm.polyglot.PolyglotException: status code was: 400, expected: 200, response time in milliseconds: 1244, url: https://dev-457931.okta.com/oauth2/aushd4c95QtFHsfWt4x6/v1/token, response: &#10;{&quot;error&quot;:&quot;invalid_grant&quot;,&quot;error_description&quot;:&quot;The credentials provided were invalid.&quot;}&#10;classpath:Authentication/Authentication.feature:13&#10;- com.intuit.karate.core.ScenarioBridge.callSingle(ScenarioBridge.java:241)&#10;- &lt;js&gt;.fn(Unnamed:20)&#10;&#10;classpath:Apis/airlines/Airlines_Get.feature:13&#10;classpath:Apis/airlines/Airlines_Get.feature:14&#10;classpath:Apis/airlines/Airlines_Get.feature:15&#10;classpath:Apis/airlines/Airlines_Get.feature:16&#10;classpath:Apis/airlines/Airlines_Get.feature:17&#10;classpath:Apis/airlines/Airlines_Get.feature:23" type="org.opentest4j.AssertionFailedError"><![CDATA[org.opentest4j.AssertionFailedError: 
>> classpath:Apis/airlines/Airlines_Get.feature:12
>> karate-config.js failed
>> status code was: 400, expected: 200, response time in milliseconds: 1244, url: https://dev-457931.okta.com/oauth2/aushd4c95QtFHsfWt4x6/v1/token, response: 
{"error":"invalid_grant","error_description":"The credentials provided were invalid."}
classpath:Authentication/Authentication.feature:13
js failed:
>>>>
01: function fn() {
02: 	var env = karate.env; // get system property 'karate.env'
03: 	karate.log('karate.env system property was:', env);
04: 	if (!env) {
05: 		env = 'dev';
06: 	}
07: 	var config = {
08: 		env: env,
09: 		
10: 		AUTHURI: 'https://dev-457931.okta.com/oauth2/aushd4c95QtFHsfWt4x6/v1/token',
11: 		nonSecureBaseURL: 'https://api.instantwebtools.net/v1',
12: 		secureBaseURL: 'https://api.instantwebtools.net/v2',
13: 		SCOPE: 'offline_access',
14: 		GRANT_TYPE: 'password',
15: 		USER_NAME: 'api-user4@iwt.net',
16: 		PASSWORD: 'b3z0nV0cLO',
17: 		CLIENT_ID: '0oahdhjkutaGcIK2M4x6',
18: 	}
19: 
20: 	var result = karate.callSingle('classpath:Authentication/Authentication.feature',config);
21: 	
22: 	
23: 	config.authInfo = { 
24: 		authTime: result.time, authToken: result.access_token 
25: 	};   
26: 	  
27: 	console.log(config.authInfo.authToken);
28: 	karate.log(config.authInfo.authToken);
29: 	if (env == 'dev') {
30: 	} else if (env == 'production') {
31: 		
32: 	}
33: 	return config;
34: }
<<<<
org.graalvm.polyglot.PolyglotException: status code was: 400, expected: 200, response time in milliseconds: 1244, url: https://dev-457931.okta.com/oauth2/aushd4c95QtFHsfWt4x6/v1/token, response: 
{"error":"invalid_grant","error_description":"The credentials provided were invalid."}
classpath:Authentication/Authentication.feature:13
- com.intuit.karate.core.ScenarioBridge.callSingle(ScenarioBridge.java:241)
- <js>.fn(Unnamed:20)

classpath:Apis/airlines/Airlines_Get.feature:13
classpath:Apis/airlines/Airlines_Get.feature:14
classpath:Apis/airlines/Airlines_Get.feature:15
classpath:Apis/airlines/Airlines_Get.feature:16
classpath:Apis/airlines/Airlines_Get.feature:17
classpath:Apis/airlines/Airlines_Get.feature:23
	at org.junit.jupiter.api.AssertionUtils.fail(AssertionUtils.java:38)
	at org.junit.jupiter.api.Assertions.fail(Assertions.java:135)
	at com.intuit.karate.junit5.FeatureNode.lambda$next$1(FeatureNode.java:86)
	at org.junit.jupiter.engine.descriptor.DynamicTestTestDescriptor.lambda$execute$0(DynamicTestTestDescriptor.java:53)
	at org.junit.jupiter.engine.execution.InvocationInterceptorChain$ValidatingInvocation.proceed(InvocationInterceptorChain.java:131)
	at org.junit.jupiter.api.extension.InvocationInterceptor.interceptDynamicTest(InvocationInterceptor.java:167)
	at org.junit.jupiter.api.extension.InvocationInterceptor.interceptDynamicTest(InvocationInterceptor.java:184)
	at org.junit.jupiter.engine.descriptor.DynamicTestTestDescriptor.lambda$execute$1(DynamicTestTestDescriptor.java:61)
	at org.junit.jupiter.engine.execution.InvocationInterceptorChain$InterceptorCall.lambda$ofVoid$0(InvocationInterceptorChain.java:78)
	at org.junit.jupiter.engine.execution.InvocationInterceptorChain$InterceptedInvocation.proceed(InvocationInterceptorChain.java:106)
	at org.junit.jupiter.engine.execution.InvocationInterceptorChain.proceed(InvocationInterceptorChain.java:64)
	at org.junit.jupiter.engine.execution.InvocationInterceptorChain.chainAndInvoke(InvocationInterceptorChain.java:45)
	at org.junit.jupiter.engine.execution.InvocationInterceptorChain.invoke(InvocationInterceptorChain.java:37)
	at org.junit.jupiter.engine.descriptor.DynamicTestTestDescriptor.execute(DynamicTestTestDescriptor.java:60)
	at org.junit.jupiter.engine.descriptor.DynamicTestTestDescriptor.execute(DynamicTestTestDescriptor.java:32)
	at org.junit.platform.engine.support.hierarchical.NodeTestTask.lambda$executeRecursively$6(NodeTestTask.java:151)
	at org.junit.platform.engine.support.hierarchical.ThrowableCollector.execute(ThrowableCollector.java:73)
	at org.junit.platform.engine.support.hierarchical.NodeTestTask.lambda$executeRecursively$8(NodeTestTask.java:141)
	at org.junit.platform.engine.support.hierarchical.Node.around(Node.java:137)
	at org.junit.platform.engine.support.hierarchical.NodeTestTask.lambda$executeRecursively$9(NodeTestTask.java:139)
	at org.junit.platform.engine.support.hierarchical.ThrowableCollector.execute(ThrowableCollector.java:73)
	at org.junit.platform.engine.support.hierarchical.NodeTestTask.executeRecursively(NodeTestTask.java:138)
	at org.junit.platform.engine.support.hierarchical.NodeTestTask.execute(NodeTestTask.java:95)
	at org.junit.platform.engine.support.hierarchical.SameThreadHierarchicalTestExecutorService.submit(SameThreadHierarchicalTestExecutorService.java:35)
	at org.junit.platform.engine.support.hierarchical.NodeTestTask$DefaultDynamicTestExecutor.execute(NodeTestTask.java:226)
	at org.junit.platform.engine.support.hierarchical.NodeTestTask$DefaultDynamicTestExecutor.execute(NodeTestTask.java:204)
	at java.base/java.util.stream.ForEachOps$ForEachOp$OfRef.accept(ForEachOps.java:184)
	at java.base/java.util.stream.ReferencePipeline$3$1.accept(ReferencePipeline.java:197)
	at java.base/java.util.stream.ReferencePipeline$2$1.accept(ReferencePipeline.java:179)
	at java.base/java.util.stream.ReferencePipeline$3$1.accept(ReferencePipeline.java:197)
	at java.base/java.util.Iterator.forEachRemaining(Iterator.java:133)
	at java.base/java.util.Spliterators$IteratorSpliterator.forEachRemaining(Spliterators.java:1939)
	at java.base/java.util.stream.AbstractPipeline.copyInto(AbstractPipeline.java:509)
	at java.base/java.util.stream.AbstractPipeline.wrapAndCopyInto(AbstractPipeline.java:499)
	at java.base/java.util.stream.ForEachOps$ForEachOp.evaluateSequential(ForEachOps.java:151)
	at java.base/java.util.stream.ForEachOps$ForEachOp$OfRef.evaluateSequential(ForEachOps.java:174)
	at java.base/java.util.stream.AbstractPipeline.evaluate(AbstractPipeline.java:234)
	at java.base/java.util.stream.ReferencePipeline.forEachOrdered(ReferencePipeline.java:601)
	at org.junit.jupiter.engine.descriptor.DynamicContainerTestDescriptor.execute(DynamicContainerTestDescriptor.java:67)
	at org.junit.jupiter.engine.descriptor.DynamicContainerTestDescriptor.execute(DynamicContainerTestDescriptor.java:33)
	at org.junit.platform.engine.support.hierarchical.NodeTestTask.lambda$executeRecursively$6(NodeTestTask.java:151)
	at org.junit.platform.engine.support.hierarchical.ThrowableCollector.execute(ThrowableCollector.java:73)
	at org.junit.platform.engine.support.hierarchical.NodeTestTask.lambda$executeRecursively$8(NodeTestTask.java:141)
	at org.junit.platform.engine.support.hierarchical.Node.around(Node.java:137)
	at org.junit.platform.engine.support.hierarchical.NodeTestTask.lambda$executeRecursively$9(NodeTestTask.java:139)
	at org.junit.platform.engine.support.hierarchical.ThrowableCollector.execute(ThrowableCollector.java:73)
	at org.junit.platform.engine.support.hierarchical.NodeTestTask.executeRecursively(NodeTestTask.java:138)
	at org.junit.platform.engine.support.hierarchical.NodeTestTask.execute(NodeTestTask.java:95)
	at org.junit.platform.engine.support.hierarchical.SameThreadHierarchicalTestExecutorService.submit(SameThreadHierarchicalTestExecutorService.java:35)
	at org.junit.platform.engine.support.hierarchical.NodeTestTask$DefaultDynamicTestExecutor.execute(NodeTestTask.java:226)
	at org.junit.platform.engine.support.hierarchical.NodeTestTask$DefaultDynamicTestExecutor.execute(NodeTestTask.java:204)
	at java.base/java.util.Optional.ifPresent(Optional.java:178)
	at org.junit.jupiter.engine.descriptor.TestFactoryTestDescriptor.lambda$invokeTestMethod$1(TestFactoryTestDescriptor.java:108)
	at org.junit.platform.engine.support.hierarchical.ThrowableCollector.execute(ThrowableCollector.java:73)
	at org.junit.jupiter.engine.descriptor.TestFactoryTestDescriptor.invokeTestMethod(TestFactoryTestDescriptor.java:95)
	at org.junit.jupiter.engine.descriptor.TestMethodTestDescriptor.execute(TestMethodTestDescriptor.java:138)
	at org.junit.jupiter.engine.descriptor.TestMethodTestDescriptor.execute(TestMethodTestDescriptor.java:68)
	at org.junit.platform.engine.support.hierarchical.NodeTestTask.lambda$executeRecursively$6(NodeTestTask.java:151)
	at org.junit.platform.engine.support.hierarchical.ThrowableCollector.execute(ThrowableCollector.java:73)
	at org.junit.platform.engine.support.hierarchical.NodeTestTask.lambda$executeRecursively$8(NodeTestTask.java:141)
	at org.junit.platform.engine.support.hierarchical.Node.around(Node.java:137)
	at org.junit.platform.engine.support.hierarchical.NodeTestTask.lambda$executeRecursively$9(NodeTestTask.java:139)
	at org.junit.platform.engine.support.hierarchical.ThrowableCollector.execute(ThrowableCollector.java:73)
	at org.junit.platform.engine.support.hierarchical.NodeTestTask.executeRecursively(NodeTestTask.java:138)
	at org.junit.platform.engine.support.hierarchical.NodeTestTask.execute(NodeTestTask.java:95)
	at java.base/java.util.ArrayList.forEach(ArrayList.java:1596)
	at org.junit.platform.engine.support.hierarchical.SameThreadHierarchicalTestExecutorService.invokeAll(SameThreadHierarchicalTestExecutorService.java:41)
	at org.junit.platform.engine.support.hierarchical.NodeTestTask.lambda$executeRecursively$6(NodeTestTask.java:155)
	at org.junit.platform.engine.support.hierarchical.ThrowableCollector.execute(ThrowableCollector.java:73)
	at org.junit.platform.engine.support.hierarchical.NodeTestTask.lambda$executeRecursively$8(NodeTestTask.java:141)
	at org.junit.platform.engine.support.hierarchical.Node.around(Node.java:137)
	at org.junit.platform.engine.support.hierarchical.NodeTestTask.lambda$executeRecursively$9(NodeTestTask.java:139)
	at org.junit.platform.engine.support.hierarchical.ThrowableCollector.execute(ThrowableCollector.java:73)
	at org.junit.platform.engine.support.hierarchical.NodeTestTask.executeRecursively(NodeTestTask.java:138)
	at org.junit.platform.engine.support.hierarchical.NodeTestTask.execute(NodeTestTask.java:95)
	at java.base/java.util.ArrayList.forEach(ArrayList.java:1596)
	at org.junit.platform.engine.support.hierarchical.SameThreadHierarchicalTestExecutorService.invokeAll(SameThreadHierarchicalTestExecutorService.java:41)
	at org.junit.platform.engine.support.hierarchical.NodeTestTask.lambda$executeRecursively$6(NodeTestTask.java:155)
	at org.junit.platform.engine.support.hierarchical.ThrowableCollector.execute(ThrowableCollector.java:73)
	at org.junit.platform.engine.support.hierarchical.NodeTestTask.lambda$executeRecursively$8(NodeTestTask.java:141)
	at org.junit.platform.engine.support.hierarchical.Node.around(Node.java:137)
	at org.junit.platform.engine.support.hierarchical.NodeTestTask.lambda$executeRecursively$9(NodeTestTask.java:139)
	at org.junit.platform.engine.support.hierarchical.ThrowableCollector.execute(ThrowableCollector.java:73)
	at org.junit.platform.engine.support.hierarchical.NodeTestTask.executeRecursively(NodeTestTask.java:138)
	at org.junit.platform.engine.support.hierarchical.NodeTestTask.execute(NodeTestTask.java:95)
	at org.junit.platform.engine.support.hierarchical.SameThreadHierarchicalTestExecutorService.submit(SameThreadHierarchicalTestExecutorService.java:35)
	at org.junit.platform.engine.support.hierarchical.HierarchicalTestExecutor.execute(HierarchicalTestExecutor.java:57)
	at org.junit.platform.engine.support.hierarchical.HierarchicalTestEngine.execute(HierarchicalTestEngine.java:54)
	at org.junit.platform.launcher.core.EngineExecutionOrchestrator.execute(EngineExecutionOrchestrator.java:147)
	at org.junit.platform.launcher.core.EngineExecutionOrchestrator.execute(EngineExecutionOrchestrator.java:127)
	at org.junit.platform.launcher.core.EngineExecutionOrchestrator.execute(EngineExecutionOrchestrator.java:90)
	at org.junit.platform.launcher.core.EngineExecutionOrchestrator.lambda$execute$0(EngineExecutionOrchestrator.java:55)
	at org.junit.platform.launcher.core.EngineExecutionOrchestrator.withInterceptedStreams(EngineExecutionOrchestrator.java:102)
	at org.junit.platform.launcher.core.EngineExecutionOrchestrator.execute(EngineExecutionOrchestrator.java:54)
	at org.junit.platform.launcher.core.DefaultLauncher.execute(DefaultLauncher.java:114)
	at org.junit.platform.launcher.core.DefaultLauncher.execute(DefaultLauncher.java:86)
	at org.junit.platform.launcher.core.DefaultLauncherSession$DelegatingLauncher.execute(DefaultLauncherSession.java:86)
	at org.apache.maven.surefire.junitplatform.LazyLauncher.execute(LazyLauncher.java:50)
	at org.apache.maven.surefire.junitplatform.JUnitPlatformProvider.execute(JUnitPlatformProvider.java:184)
	at org.apache.maven.surefire.junitplatform.JUnitPlatformProvider.invokeAllTests(JUnitPlatformProvider.java:148)
	at org.apache.maven.surefire.junitplatform.JUnitPlatformProvider.invoke(JUnitPlatformProvider.java:122)
	at org.apache.maven.surefire.booter.ForkedBooter.runSuitesInProcess(ForkedBooter.java:385)
	at org.apache.maven.surefire.booter.ForkedBooter.execute(ForkedBooter.java:162)
	at org.apache.maven.surefire.booter.ForkedBooter.run(ForkedBooter.java:507)
	at org.apache.maven.surefire.booter.ForkedBooter.main(ForkedBooter.java:495)
]]></failure>
    <system-out><![CDATA[11:29:53.765 [main] DEBUG com.intuit.karate.Suite - [config] classpath:karate-config.js
11:29:55.518 [main] INFO  com.intuit.karate - karate.env system property was: null 
11:29:55.530 [main] INFO  com.intuit.karate - >> lock acquired, begin callSingle: classpath:Authentication/Authentication.feature
11:29:56.194 [main] DEBUG com.intuit.karate - request:
1 > POST https://dev-457931.okta.com/oauth2/aushd4c95QtFHsfWt4x6/v1/token
1 > Content-Type: application/x-www-form-urlencoded; charset=utf-8
1 > Content-Length: 120
1 > Host: dev-457931.okta.com
1 > Connection: Keep-Alive
1 > User-Agent: Apache-HttpClient/4.5.14 (Java/21.0.3)
1 > Accept-Encoding: gzip,deflate
scope=offline_access&grant_type=password&username=api-user4%40iwt.net&password=b3z0nV0cLO&client_id=0oahdhjkutaGcIK2M4x6

11:29:57.444 [main] DEBUG com.intuit.karate - response time in milliseconds: 1244
1 < 400
1 < Date: Wed, 18 Dec 2024 05:59:57 GMT
1 < Content-Type: application/json
1 < Transfer-Encoding: chunked
1 < Connection: keep-alive
1 < Server: nginx
1 < x-okta-request-id: 3a8aadc1b5ec3793adb684d3457ee8d2
1 < x-xss-protection: 0
1 < p3p: CP="HONK"
1 < set-cookie: sid="";Version=1;Path=/;Max-Age=0
1 < set-cookie: xids="";Version=1;Path=/;Max-Age=0
1 < set-cookie: autolaunch_triggered=""; Expires=Thu, 01 Jan 1970 00:00:10 GMT; Path=/
1 < set-cookie: activate_ca_modal_triggered=""; Expires=Thu, 01 Jan 1970 00:00:10 GMT; Path=/
1 < set-cookie: JSESSIONID=646616C3F42667D29D4ACE8F9BF0F997; Path=/; Secure; HttpOnly
1 < content-security-policy: default-src 'self' dev-457931.okta.com *.oktacdn.com; connect-src 'self' dev-457931.okta.com dev-457931-admin.okta.com *.oktacdn.com *.mixpanel.com *.mapbox.com *.mtls.okta.com https://oinmanager.okta.com data: *.ingest.sentry.io data.pendo.io pendo-static-5634101834153984.storage.googleapis.com pendo-static-5391521872216064.storage.googleapis.com; script-src 'unsafe-inline' 'unsafe-eval' 'self' 'report-sample' dev-457931.okta.com *.oktacdn.com; style-src 'unsafe-inline' 'self' dev-457931.okta.com *.oktacdn.com; frame-src 'self' dev-457931.okta.com dev-457931-admin.okta.com login.okta.com *.vidyard.com; img-src 'self' dev-457931.okta.com *.oktacdn.com *.tiles.mapbox.com *.mapbox.com *.vidyard.com data: data.pendo.io pendo-static-5634101834153984.storage.googleapis.com pendo-static-5391521872216064.storage.googleapis.com blob:; font-src 'self' dev-457931.okta.com data: *.oktacdn.com fonts.gstatic.com; frame-ancestors 'self'
1 < x-rate-limit-limit: 2000
1 < x-rate-limit-remaining: 1998
1 < x-rate-limit-reset: 1734501623
1 < cache-control: no-cache, no-store
1 < pragma: no-cache
1 < expires: 0
1 < referrer-policy: strict-origin-when-cross-origin
1 < accept-ch: Sec-CH-UA-Platform-Version
1 < x-content-type-options: nosniff
1 < Strict-Transport-Security: max-age=315360000; includeSubDomains
1 < Set-Cookie: sid="";Version=1;Path=/;Max-Age=0
1 < Set-Cookie: xids="";Version=1;Path=/;Max-Age=0
1 < Set-Cookie: autolaunch_triggered=""; Expires=Thu, 01 Jan 1970 00:00:10 GMT; Path=/
1 < Set-Cookie: activate_ca_modal_triggered=""; Expires=Thu, 01 Jan 1970 00:00:10 GMT; Path=/
1 < Set-Cookie: JSESSIONID=646616C3F42667D29D4ACE8F9BF0F997; Path=/; Secure; HttpOnly
{"error":"invalid_grant","error_description":"The credentials provided were invalid."}

11:29:57.463 [main] ERROR com.intuit.karate - classpath:Authentication/Authentication.feature:13
Then status 200
status code was: 400, expected: 200, response time in milliseconds: 1244, url: https://dev-457931.okta.com/oauth2/aushd4c95QtFHsfWt4x6/v1/token, response: 
{"error":"invalid_grant","error_description":"The credentials provided were invalid."}
classpath:Authentication/Authentication.feature:13
11:29:57.469 [main] WARN  com.intuit.karate - callSingle() will cache an exception
11:29:57.469 [main] INFO  com.intuit.karate - << lock released, cached callSingle: classpath:Authentication/Authentication.feature
11:29:57.469 [main] WARN  com.intuit.karate - callSingle() cached result is an exception
11:29:57.485 [main] ERROR com.intuit.karate - classpath:Apis/airlines/Airlines_Get.feature:13
Given url secureBaseURL
>> classpath:Apis/airlines/Airlines_Get.feature:12
>> karate-config.js failed
>> status code was: 400, expected: 200, response time in milliseconds: 1244, url: https://dev-457931.okta.com/oauth2/aushd4c95QtFHsfWt4x6/v1/token, response: 
{"error":"invalid_grant","error_description":"The credentials provided were invalid."}
classpath:Authentication/Authentication.feature:13
js failed:
>>>>
01: function fn() {
02: 	var env = karate.env; // get system property 'karate.env'
03: 	karate.log('karate.env system property was:', env);
04: 	if (!env) {
05: 		env = 'dev';
06: 	}
07: 	var config = {
08: 		env: env,
09: 		
10: 		AUTHURI: 'https://dev-457931.okta.com/oauth2/aushd4c95QtFHsfWt4x6/v1/token',
11: 		nonSecureBaseURL: 'https://api.instantwebtools.net/v1',
12: 		secureBaseURL: 'https://api.instantwebtools.net/v2',
13: 		SCOPE: 'offline_access',
14: 		GRANT_TYPE: 'password',
15: 		USER_NAME: 'api-user4@iwt.net',
16: 		PASSWORD: 'b3z0nV0cLO',
17: 		CLIENT_ID: '0oahdhjkutaGcIK2M4x6',
18: 	}
19: 
20: 	var result = karate.callSingle('classpath:Authentication/Authentication.feature',config);
21: 	
22: 	
23: 	config.authInfo = { 
24: 		authTime: result.time, authToken: result.access_token 
25: 	};   
26: 	  
27: 	console.log(config.authInfo.authToken);
28: 	karate.log(config.authInfo.authToken);
29: 	if (env == 'dev') {
30: 	} else if (env == 'production') {
31: 		
32: 	}
33: 	return config;
34: }
<<<<
org.graalvm.polyglot.PolyglotException: status code was: 400, expected: 200, response time in milliseconds: 1244, url: https://dev-457931.okta.com/oauth2/aushd4c95QtFHsfWt4x6/v1/token, response: 
{"error":"invalid_grant","error_description":"The credentials provided were invalid."}
classpath:Authentication/Authentication.feature:13
- com.intuit.karate.core.ScenarioBridge.callSingle(ScenarioBridge.java:241)
- <js>.fn(Unnamed:20)

classpath:Apis/airlines/Airlines_Get.feature:13
11:29:57.485 [main] ERROR com.intuit.karate - classpath:Apis/airlines/Airlines_Get.feature:14
And header Authorization = 'Bearer '+authInfo.authToken
>> classpath:Apis/airlines/Airlines_Get.feature:12
>> karate-config.js failed
>> status code was: 400, expected: 200, response time in milliseconds: 1244, url: https://dev-457931.okta.com/oauth2/aushd4c95QtFHsfWt4x6/v1/token, response: 
{"error":"invalid_grant","error_description":"The credentials provided were invalid."}
classpath:Authentication/Authentication.feature:13
js failed:
>>>>
01: function fn() {
02: 	var env = karate.env; // get system property 'karate.env'
03: 	karate.log('karate.env system property was:', env);
04: 	if (!env) {
05: 		env = 'dev';
06: 	}
07: 	var config = {
08: 		env: env,
09: 		
10: 		AUTHURI: 'https://dev-457931.okta.com/oauth2/aushd4c95QtFHsfWt4x6/v1/token',
11: 		nonSecureBaseURL: 'https://api.instantwebtools.net/v1',
12: 		secureBaseURL: 'https://api.instantwebtools.net/v2',
13: 		SCOPE: 'offline_access',
14: 		GRANT_TYPE: 'password',
15: 		USER_NAME: 'api-user4@iwt.net',
16: 		PASSWORD: 'b3z0nV0cLO',
17: 		CLIENT_ID: '0oahdhjkutaGcIK2M4x6',
18: 	}
19: 
20: 	var result = karate.callSingle('classpath:Authentication/Authentication.feature',config);
21: 	
22: 	
23: 	config.authInfo = { 
24: 		authTime: result.time, authToken: result.access_token 
25: 	};   
26: 	  
27: 	console.log(config.authInfo.authToken);
28: 	karate.log(config.authInfo.authToken);
29: 	if (env == 'dev') {
30: 	} else if (env == 'production') {
31: 		
32: 	}
33: 	return config;
34: }
<<<<
org.graalvm.polyglot.PolyglotException: status code was: 400, expected: 200, response time in milliseconds: 1244, url: https://dev-457931.okta.com/oauth2/aushd4c95QtFHsfWt4x6/v1/token, response: 
{"error":"invalid_grant","error_description":"The credentials provided were invalid."}
classpath:Authentication/Authentication.feature:13
- com.intuit.karate.core.ScenarioBridge.callSingle(ScenarioBridge.java:241)
- <js>.fn(Unnamed:20)

classpath:Apis/airlines/Airlines_Get.feature:13
classpath:Apis/airlines/Airlines_Get.feature:14
11:29:57.486 [main] ERROR com.intuit.karate - classpath:Apis/airlines/Airlines_Get.feature:15
And path 'airlines/73dd5420-3bf9-48f3-a0b6-17cf7aa61b19'
>> classpath:Apis/airlines/Airlines_Get.feature:12
>> karate-config.js failed
>> status code was: 400, expected: 200, response time in milliseconds: 1244, url: https://dev-457931.okta.com/oauth2/aushd4c95QtFHsfWt4x6/v1/token, response: 
{"error":"invalid_grant","error_description":"The credentials provided were invalid."}
classpath:Authentication/Authentication.feature:13
js failed:
>>>>
01: function fn() {
02: 	var env = karate.env; // get system property 'karate.env'
03: 	karate.log('karate.env system property was:', env);
04: 	if (!env) {
05: 		env = 'dev';
06: 	}
07: 	var config = {
08: 		env: env,
09: 		
10: 		AUTHURI: 'https://dev-457931.okta.com/oauth2/aushd4c95QtFHsfWt4x6/v1/token',
11: 		nonSecureBaseURL: 'https://api.instantwebtools.net/v1',
12: 		secureBaseURL: 'https://api.instantwebtools.net/v2',
13: 		SCOPE: 'offline_access',
14: 		GRANT_TYPE: 'password',
15: 		USER_NAME: 'api-user4@iwt.net',
16: 		PASSWORD: 'b3z0nV0cLO',
17: 		CLIENT_ID: '0oahdhjkutaGcIK2M4x6',
18: 	}
19: 
20: 	var result = karate.callSingle('classpath:Authentication/Authentication.feature',config);
21: 	
22: 	
23: 	config.authInfo = { 
24: 		authTime: result.time, authToken: result.access_token 
25: 	};   
26: 	  
27: 	console.log(config.authInfo.authToken);
28: 	karate.log(config.authInfo.authToken);
29: 	if (env == 'dev') {
30: 	} else if (env == 'production') {
31: 		
32: 	}
33: 	return config;
34: }
<<<<
org.graalvm.polyglot.PolyglotException: status code was: 400, expected: 200, response time in milliseconds: 1244, url: https://dev-457931.okta.com/oauth2/aushd4c95QtFHsfWt4x6/v1/token, response: 
{"error":"invalid_grant","error_description":"The credentials provided were invalid."}
classpath:Authentication/Authentication.feature:13
- com.intuit.karate.core.ScenarioBridge.callSingle(ScenarioBridge.java:241)
- <js>.fn(Unnamed:20)

classpath:Apis/airlines/Airlines_Get.feature:13
classpath:Apis/airlines/Airlines_Get.feature:14
classpath:Apis/airlines/Airlines_Get.feature:15
11:29:57.487 [main] ERROR com.intuit.karate - classpath:Apis/airlines/Airlines_Get.feature:16
When method GET
>> classpath:Apis/airlines/Airlines_Get.feature:12
>> karate-config.js failed
>> status code was: 400, expected: 200, response time in milliseconds: 1244, url: https://dev-457931.okta.com/oauth2/aushd4c95QtFHsfWt4x6/v1/token, response: 
{"error":"invalid_grant","error_description":"The credentials provided were invalid."}
classpath:Authentication/Authentication.feature:13
js failed:
>>>>
01: function fn() {
02: 	var env = karate.env; // get system property 'karate.env'
03: 	karate.log('karate.env system property was:', env);
04: 	if (!env) {
05: 		env = 'dev';
06: 	}
07: 	var config = {
08: 		env: env,
09: 		
10: 		AUTHURI: 'https://dev-457931.okta.com/oauth2/aushd4c95QtFHsfWt4x6/v1/token',
11: 		nonSecureBaseURL: 'https://api.instantwebtools.net/v1',
12: 		secureBaseURL: 'https://api.instantwebtools.net/v2',
13: 		SCOPE: 'offline_access',
14: 		GRANT_TYPE: 'password',
15: 		USER_NAME: 'api-user4@iwt.net',
16: 		PASSWORD: 'b3z0nV0cLO',
17: 		CLIENT_ID: '0oahdhjkutaGcIK2M4x6',
18: 	}
19: 
20: 	var result = karate.callSingle('classpath:Authentication/Authentication.feature',config);
21: 	
22: 	
23: 	config.authInfo = { 
24: 		authTime: result.time, authToken: result.access_token 
25: 	};   
26: 	  
27: 	console.log(config.authInfo.authToken);
28: 	karate.log(config.authInfo.authToken);
29: 	if (env == 'dev') {
30: 	} else if (env == 'production') {
31: 		
32: 	}
33: 	return config;
34: }
<<<<
org.graalvm.polyglot.PolyglotException: status code was: 400, expected: 200, response time in milliseconds: 1244, url: https://dev-457931.okta.com/oauth2/aushd4c95QtFHsfWt4x6/v1/token, response: 
{"error":"invalid_grant","error_description":"The credentials provided were invalid."}
classpath:Authentication/Authentication.feature:13
- com.intuit.karate.core.ScenarioBridge.callSingle(ScenarioBridge.java:241)
- <js>.fn(Unnamed:20)

classpath:Apis/airlines/Airlines_Get.feature:13
classpath:Apis/airlines/Airlines_Get.feature:14
classpath:Apis/airlines/Airlines_Get.feature:15
classpath:Apis/airlines/Airlines_Get.feature:16
11:29:57.487 [main] ERROR com.intuit.karate - classpath:Apis/airlines/Airlines_Get.feature:17
Then status 200
>> classpath:Apis/airlines/Airlines_Get.feature:12
>> karate-config.js failed
>> status code was: 400, expected: 200, response time in milliseconds: 1244, url: https://dev-457931.okta.com/oauth2/aushd4c95QtFHsfWt4x6/v1/token, response: 
{"error":"invalid_grant","error_description":"The credentials provided were invalid."}
classpath:Authentication/Authentication.feature:13
js failed:
>>>>
01: function fn() {
02: 	var env = karate.env; // get system property 'karate.env'
03: 	karate.log('karate.env system property was:', env);
04: 	if (!env) {
05: 		env = 'dev';
06: 	}
07: 	var config = {
08: 		env: env,
09: 		
10: 		AUTHURI: 'https://dev-457931.okta.com/oauth2/aushd4c95QtFHsfWt4x6/v1/token',
11: 		nonSecureBaseURL: 'https://api.instantwebtools.net/v1',
12: 		secureBaseURL: 'https://api.instantwebtools.net/v2',
13: 		SCOPE: 'offline_access',
14: 		GRANT_TYPE: 'password',
15: 		USER_NAME: 'api-user4@iwt.net',
16: 		PASSWORD: 'b3z0nV0cLO',
17: 		CLIENT_ID: '0oahdhjkutaGcIK2M4x6',
18: 	}
19: 
20: 	var result = karate.callSingle('classpath:Authentication/Authentication.feature',config);
21: 	
22: 	
23: 	config.authInfo = { 
24: 		authTime: result.time, authToken: result.access_token 
25: 	};   
26: 	  
27: 	console.log(config.authInfo.authToken);
28: 	karate.log(config.authInfo.authToken);
29: 	if (env == 'dev') {
30: 	} else if (env == 'production') {
31: 		
32: 	}
33: 	return config;
34: }
<<<<
org.graalvm.polyglot.PolyglotException: status code was: 400, expected: 200, response time in milliseconds: 1244, url: https://dev-457931.okta.com/oauth2/aushd4c95QtFHsfWt4x6/v1/token, response: 
{"error":"invalid_grant","error_description":"The credentials provided were invalid."}
classpath:Authentication/Authentication.feature:13
- com.intuit.karate.core.ScenarioBridge.callSingle(ScenarioBridge.java:241)
- <js>.fn(Unnamed:20)

classpath:Apis/airlines/Airlines_Get.feature:13
classpath:Apis/airlines/Airlines_Get.feature:14
classpath:Apis/airlines/Airlines_Get.feature:15
classpath:Apis/airlines/Airlines_Get.feature:16
classpath:Apis/airlines/Airlines_Get.feature:17
11:29:57.488 [main] ERROR com.intuit.karate - classpath:Apis/airlines/Airlines_Get.feature:23
And match response.name contains "Ame"
>> classpath:Apis/airlines/Airlines_Get.feature:12
>> karate-config.js failed
>> status code was: 400, expected: 200, response time in milliseconds: 1244, url: https://dev-457931.okta.com/oauth2/aushd4c95QtFHsfWt4x6/v1/token, response: 
{"error":"invalid_grant","error_description":"The credentials provided were invalid."}
classpath:Authentication/Authentication.feature:13
js failed:
>>>>
01: function fn() {
02: 	var env = karate.env; // get system property 'karate.env'
03: 	karate.log('karate.env system property was:', env);
04: 	if (!env) {
05: 		env = 'dev';
06: 	}
07: 	var config = {
08: 		env: env,
09: 		
10: 		AUTHURI: 'https://dev-457931.okta.com/oauth2/aushd4c95QtFHsfWt4x6/v1/token',
11: 		nonSecureBaseURL: 'https://api.instantwebtools.net/v1',
12: 		secureBaseURL: 'https://api.instantwebtools.net/v2',
13: 		SCOPE: 'offline_access',
14: 		GRANT_TYPE: 'password',
15: 		USER_NAME: 'api-user4@iwt.net',
16: 		PASSWORD: 'b3z0nV0cLO',
17: 		CLIENT_ID: '0oahdhjkutaGcIK2M4x6',
18: 	}
19: 
20: 	var result = karate.callSingle('classpath:Authentication/Authentication.feature',config);
21: 	
22: 	
23: 	config.authInfo = { 
24: 		authTime: result.time, authToken: result.access_token 
25: 	};   
26: 	  
27: 	console.log(config.authInfo.authToken);
28: 	karate.log(config.authInfo.authToken);
29: 	if (env == 'dev') {
30: 	} else if (env == 'production') {
31: 		
32: 	}
33: 	return config;
34: }
<<<<
org.graalvm.polyglot.PolyglotException: status code was: 400, expected: 200, response time in milliseconds: 1244, url: https://dev-457931.okta.com/oauth2/aushd4c95QtFHsfWt4x6/v1/token, response: 
{"error":"invalid_grant","error_description":"The credentials provided were invalid."}
classpath:Authentication/Authentication.feature:13
- com.intuit.karate.core.ScenarioBridge.callSingle(ScenarioBridge.java:241)
- <js>.fn(Unnamed:20)

classpath:Apis/airlines/Airlines_Get.feature:13
classpath:Apis/airlines/Airlines_Get.feature:14
classpath:Apis/airlines/Airlines_Get.feature:15
classpath:Apis/airlines/Airlines_Get.feature:16
classpath:Apis/airlines/Airlines_Get.feature:17
classpath:Apis/airlines/Airlines_Get.feature:23
---------------------------------------------------------
feature: classpath:Apis/airlines/Airlines_Get.feature
scenarios:  1 | passed:  0 | failed:  1 | time: 0.0000
---------------------------------------------------------

]]></system-out>
  </testcase>
</testsuite>